[29/02/24 07:22:20] - Connecting . . .
[29/02/24 07:22:47] - Connecting . . .
[29/02/24 07:22:49] - Connected, you login as WhatsApp Bot
[29/02/24 07:28:49] - Connecting . . .
[29/02/24 07:28:49] - Connected, you login as ALESYA
[29/02/24 07:49:52] - Connecting . . .
[29/02/24 07:49:53] - Connected, you login as ALESYA
[29/02/24 08:02:21] - Connecting . . .
[29/02/24 08:02:22] - Connected, you login as ALESYA
[29/02/24 08:02:22] - Connecting . . .
[29/02/24 08:02:25] - Connected, you login as ALESYA
[29/02/24 08:02:25] - Connecting . . .
[29/02/24 08:02:26] - Connected, you login as ALESYA
[29/02/24 08:02:26] - Connecting . . .
[29/02/24 08:02:27] - Connected, you login as ALESYA
[29/02/24 08:06:29] - Connecting . . .
[29/02/24 08:06:30] - Connected, you login as ALESYA
[29/02/24 08:21:37] - Connecting . . .
[29/02/24 08:21:37] - Connected, you login as ALESYA
[29/02/24 10:19:49] - Connecting . . .
[29/02/24 10:19:50] - Connected, you login as ALESYA
[29/02/24 23:42:47] - Connecting . . .
[29/02/24 23:42:47] - Connected, you login as ALESYA
[29/02/24 23:42:50] - Connecting . . .
[29/02/24 23:42:51] - Connected, you login as ALESYA
[29/02/24 23:44:32] - Connecting . . .
[29/02/24 23:44:33] - Connected, you login as ALESYA
[29/02/24 23:45:40] - Connecting . . .
[29/02/24 23:45:40] - Connected, you login as ALESYA
[29/02/24 23:46:14] - Connecting . . .
[29/02/24 23:46:14] - Connected, you login as ALESYA
[29/02/24 23:49:46] - Connecting . . .
[29/02/24 23:49:47] - Connected, you login as ALESYA
[29/02/24 23:50:42] - Connecting . . .
[29/02/24 23:50:43] - Connected, you login as ALESYA
[29/02/24 23:50:47] - Connecting . . .
[29/02/24 23:50:48] - Connected, you login as ALESYA
[01/03/24 01:34:30] - Connecting . . .
[01/03/24 01:34:31] - Connected, you login as ALESYA
[01/03/24 01:43:09] - Connecting . . .
[01/03/24 01:43:10] - Connected, you login as ALESYA
[01/03/24 01:44:04] - Connecting . . .
[01/03/24 01:44:05] - Connected, you login as ALESYA
[01/03/24 01:44:44] - Connecting . . .
[01/03/24 01:44:45] - Connected, you login as ALESYA
[01/03/24 01:54:28] - Connecting . . .
[01/03/24 01:54:28] - Connected, you login as ALESYA
[01/03/24 01:54:51] - Connecting . . .
[01/03/24 01:54:52] - Connected, you login as ALESYA
[01/03/24 01:55:27] - Connecting . . .
[01/03/24 01:55:27] - Connected, you login as ALESYA
[01/03/24 01:55:45] - Connecting . . .
[01/03/24 01:55:45] - Connected, you login as ALESYA
[01/03/24 01:56:59] - Connecting . . .
[01/03/24 01:56:59] - Connected, you login as ALESYA
[01/03/24 01:57:14] - Connecting . . .
[01/03/24 01:57:15] - Connected, you login as ALESYA
[01/03/24 05:21:06] - Connection error. (Reason: 503)
[01/03/24 05:21:07] - Connecting . . .
[01/03/24 05:21:07] - Connected, you login as ALESYA
[01/03/24 05:39:15] - Connecting . . .
[01/03/24 05:39:16] - Connected, you login as ALESYA
[01/03/24 07:39:40] - Connecting . . .
[01/03/24 07:39:41] - Connected, you login as ALESYA
[01/03/24 08:47:45] - Connection closed, reconnecting . . .
[01/03/24 08:47:45] - Connecting . . .
[01/03/24 08:47:46] - Connected, you login as ALESYA
[01/03/24 10:23:20] - Connecting . . .
[01/03/24 10:23:20] - Connected, you login as ALESYA
[01/03/24 10:34:20] - Connecting . . .
[01/03/24 10:34:21] - Connected, you login as ALESYA
[01/03/24 12:23:15] - Connecting . . .
[01/03/24 12:23:16] - Connected, you login as ALESYA
[01/03/24 12:24:09] - Connecting . . .
[01/03/24 12:24:10] - Connected, you login as ALESYA
[01/03/24 12:25:13] - Connecting . . .
[01/03/24 12:25:14] - Connected, you login as ALESYA
[01/03/24 13:05:32] - Connecting . . .
[01/03/24 13:05:33] - Connected, you login as ALESYA
[01/03/24 13:06:51] - Connecting . . .
[01/03/24 13:06:52] - Connected, you login as ALESYA
[01/03/24 13:08:54] - Connecting . . .
[01/03/24 13:08:54] - Connected, you login as ALESYA
[01/03/24 13:09:01] - Connecting . . .
[01/03/24 13:09:01] - Connected, you login as ALESYA
[01/03/24 13:10:33] - Connecting . . .
[01/03/24 13:10:33] - Connected, you login as ALESYA
[01/03/24 13:13:38] - Connecting . . .
[01/03/24 13:13:39] - Connected, you login as ALESYA
[01/03/24 13:15:40] - Connecting . . .
[01/03/24 13:15:40] - Connected, you login as ALESYA
[01/03/24 13:15:44] - Connecting . . .
[01/03/24 13:15:44] - Connected, you login as ALESYA
[01/03/24 13:15:54] - Connecting . . .
[01/03/24 13:15:55] - Connected, you login as ALESYA
[01/03/24 13:15:57] - Connecting . . .
[01/03/24 13:15:57] - Connected, you login as ALESYA
[01/03/24 13:15:58] - Connecting . . .
[01/03/24 13:15:58] - Connected, you login as ALESYA
[01/03/24 13:16:00] - Connecting . . .
[01/03/24 13:16:00] - Connected, you login as ALESYA
[01/03/24 13:16:02] - Connecting . . .
[01/03/24 13:16:02] - Connected, you login as ALESYA
[01/03/24 13:16:03] - Connecting . . .
[01/03/24 13:16:03] - Connected, you login as ALESYA
[01/03/24 13:16:04] - Connecting . . .
[01/03/24 13:16:05] - Connected, you login as ALESYA
[01/03/24 13:16:06] - Connecting . . .
[01/03/24 13:16:07] - Connected, you login as ALESYA
[01/03/24 13:16:08] - Connecting . . .
[01/03/24 13:16:09] - Connected, you login as ALESYA
[01/03/24 13:16:10] - Connecting . . .
[01/03/24 13:16:10] - Connected, you login as ALESYA
[01/03/24 13:16:11] - Connecting . . .
[01/03/24 13:16:12] - Connected, you login as ALESYA
[01/03/24 13:16:13] - Connecting . . .
[01/03/24 13:16:13] - Connected, you login as ALESYA
[01/03/24 13:16:15] - Connecting . . .
[01/03/24 13:16:16] - Connected, you login as ALESYA
[01/03/24 13:16:17] - Connecting . . .
[01/03/24 13:16:18] - Connected, you login as ALESYA
[01/03/24 13:16:23] - Connecting . . .
[01/03/24 13:16:24] - Connected, you login as ALESYA
[01/03/24 13:16:25] - Connecting . . .
[01/03/24 13:16:25] - Connected, you login as ALESYA
[01/03/24 13:16:26] - Connecting . . .
[01/03/24 13:16:27] - Connected, you login as ALESYA
[01/03/24 13:16:34] - Connecting . . .
[01/03/24 13:16:35] - Connected, you login as ALESYA
[01/03/24 13:16:39] - Connecting . . .
[01/03/24 13:16:39] - Connected, you login as ALESYA
[01/03/24 13:16:41] - Connecting . . .
[01/03/24 13:16:42] - Connected, you login as ALESYA
[01/03/24 13:16:44] - Connecting . . .
[01/03/24 13:16:44] - Connected, you login as ALESYA
[01/03/24 13:16:47] - Connecting . . .
[01/03/24 13:16:47] - Connected, you login as ALESYA
[01/03/24 13:16:50] - Connecting . . .
[01/03/24 13:16:50] - Connected, you login as ALESYA
[01/03/24 13:16:52] - Connecting . . .
[01/03/24 13:16:53] - Connected, you login as ALESYA
[01/03/24 17:01:53] - Connecting . . .
[01/03/24 17:01:53] - Connected, you login as ALESYA
[01/03/24 21:13:23] - Connection error. (Reason: 503)
[01/03/24 21:13:24] - Connecting . . .
[01/03/24 21:13:25] - Connected, you login as ALESYA
[01/03/24 23:26:51] - Connecting . . .
[01/03/24 23:26:52] - Connected, you login as ALESYA
[01/03/24 23:27:57] - Connecting . . .
[01/03/24 23:27:57] - Connected, you login as ALESYA
[01/03/24 23:28:34] - Connecting . . .
[01/03/24 23:28:34] - Connected, you login as ALESYA
[01/03/24 23:28:42] - Connecting . . .
[01/03/24 23:28:42] - Connected, you login as ALESYA
[01/03/24 23:30:08] - Connecting . . .
[01/03/24 23:30:09] - Connected, you login as ALESYA
[01/03/24 23:46:29] - Connecting . . .
[01/03/24 23:46:30] - Connected, you login as ALESYA
[02/03/24 00:45:48] - Connecting . . .
[02/03/24 00:45:48] - Connected, you login as ALESYA
[02/03/24 01:58:46] - Connecting . . .
[02/03/24 01:58:47] - Connected, you login as ALESYA
[02/03/24 02:00:58] - Connecting . . .
[02/03/24 02:00:58] - Connected, you login as ALESYA
[02/03/24 02:01:04] - Connecting . . .
[02/03/24 02:01:05] - Connected, you login as ALESYA
[02/03/24 02:01:11] - Connecting . . .
[02/03/24 02:01:11] - Connected, you login as ALESYA
[02/03/24 02:03:21] - Connecting . . .
[02/03/24 02:03:21] - Connected, you login as ALESYA
[02/03/24 02:03:23] - Connecting . . .
[02/03/24 02:03:24] - Connected, you login as ALESYA
[02/03/24 02:03:25] - Connecting . . .
[02/03/24 02:03:25] - Connected, you login as ALESYA
[02/03/24 02:03:26] - Connecting . . .
[02/03/24 02:03:27] - Connected, you login as ALESYA
[02/03/24 02:17:19] - Connecting . . .
[02/03/24 02:17:19] - Connected, you login as ALESYA
[02/03/24 02:17:19] - Connecting . . .
[02/03/24 02:17:20] - Connected, you login as ALESYA
[02/03/24 02:18:19] - Connecting . . .
[02/03/24 02:18:19] - Connecting . . .
[02/03/24 02:18:19] - Connected, you login as ALESYA
[02/03/24 02:18:20] - Connected, you login as ALESYA
[02/03/24 02:23:18] - Connecting . . .
[02/03/24 02:23:19] - Connecting . . .
[02/03/24 02:23:19] - Connected, you login as ALESYA
[02/03/24 02:41:28] - Connecting . . .
[02/03/24 02:41:53] - Connecting . . .
[02/03/24 02:41:54] - Connected, you login as ALESYA
[02/03/24 04:21:45] - Connecting . . .
[02/03/24 04:21:45] - Connected, you login as ALESYA
[02/03/24 04:22:01] - Connecting . . .
[02/03/24 04:22:01] - Connected, you login as ALESYA
[02/03/24 04:22:43] - Connecting . . .
[02/03/24 04:22:43] - Connected, you login as ALESYA
[02/03/24 04:22:59] - Connecting . . .
[02/03/24 04:23:00] - Connected, you login as ALESYA
[02/03/24 04:25:37] - Connecting . . .
[02/03/24 04:25:37] - Connected, you login as ALESYA
[02/03/24 04:27:09] - Connecting . . .
[02/03/24 04:27:09] - Connected, you login as ALESYA
[02/03/24 04:29:41] - Connecting . . .
[02/03/24 04:29:41] - Connected, you login as ALESYA
[02/03/24 04:40:00] - Connecting . . .
[02/03/24 04:40:00] - Connected, you login as ALESYA
[02/03/24 04:43:48] - Connecting . . .
[02/03/24 04:43:48] - Connected, you login as ALESYA
[02/03/24 04:50:24] - Connecting . . .
[02/03/24 04:50:24] - Connected, you login as ALESYA
[02/03/24 04:52:34] - Connecting . . .
[02/03/24 04:52:35] - Connected, you login as ALESYA
[02/03/24 04:55:59] - Connecting . . .
[02/03/24 04:55:59] - Connected, you login as ALESYA
[02/03/24 04:57:21] - Connecting . . .
[02/03/24 04:57:22] - Connected, you login as ALESYA
[02/03/24 05:00:47] - Connecting . . .
[02/03/24 05:00:47] - Connected, you login as ALESYA
[02/03/24 05:03:18] - Connecting . . .
[02/03/24 05:03:18] - Connected, you login as ALESYA
[02/03/24 05:05:17] - Connecting . . .
[02/03/24 05:05:18] - Connected, you login as ALESYA
[02/03/24 05:07:25] - Connecting . . .
[02/03/24 05:07:26] - Connected, you login as ALESYA
[02/03/24 05:09:16] - Connecting . . .
[02/03/24 05:09:17] - Connected, you login as ALESYA
[02/03/24 05:28:42] - Connecting . . .
[02/03/24 05:28:43] - Connected, you login as ALESYA
[02/03/24 05:33:30] - Connecting . . .
[02/03/24 05:33:30] - Connected, you login as ALESYA
[02/03/24 05:49:36] - Connecting . . .
[02/03/24 05:49:37] - Connected, you login as ALESYA
[02/03/24 05:49:47] - Connecting . . .
[02/03/24 05:49:47] - Connected, you login as ALESYA
[02/03/24 05:50:50] - Connecting . . .
[02/03/24 05:50:51] - Connected, you login as ALESYA
[02/03/24 05:53:12] - Connecting . . .
[02/03/24 05:53:12] - Connected, you login as ALESYA
[02/03/24 05:53:19] - Connecting . . .
[02/03/24 05:53:20] - Connected, you login as ALESYA
[02/03/24 05:53:22] - Connecting . . .
[02/03/24 05:53:22] - Connected, you login as ALESYA
[02/03/24 05:53:29] - Connecting . . .
[02/03/24 05:53:30] - Connected, you login as ALESYA
[02/03/24 05:54:09] - Connecting . . .
[02/03/24 05:54:09] - Connected, you login as ALESYA
[02/03/24 05:54:44] - Connecting . . .
[02/03/24 05:54:45] - Connected, you login as ALESYA
[02/03/24 05:55:39] - Connecting . . .
[02/03/24 05:55:40] - Connected, you login as ALESYA
[02/03/24 05:59:41] - Connecting . . .
[02/03/24 05:59:41] - Connected, you login as ALESYA
[02/03/24 05:59:50] - Connecting . . .
[02/03/24 05:59:51] - Connected, you login as ALESYA
[02/03/24 06:02:39] - Connecting . . .
[02/03/24 06:02:39] - Connected, you login as ALESYA
[02/03/24 06:02:58] - Connecting . . .
[02/03/24 06:02:58] - Connected, you login as ALESYA
[02/03/24 06:03:23] - Connecting . . .
[02/03/24 06:03:23] - Connected, you login as ALESYA
[02/03/24 06:03:57] - Connecting . . .
[02/03/24 06:03:57] - Connected, you login as ALESYA
[02/03/24 06:06:06] - Connecting . . .
[02/03/24 06:06:06] - Connected, you login as ALESYA
[02/03/24 06:06:23] - Connecting . . .
[02/03/24 06:06:24] - Connected, you login as ALESYA
[02/03/24 06:10:40] - Connecting . . .
[02/03/24 06:10:40] - Connected, you login as ALESYA
[02/03/24 06:15:40] - Connecting . . .
[02/03/24 06:15:41] - Connected, you login as ALESYA
[02/03/24 06:16:53] - Connecting . . .
[02/03/24 06:16:53] - Connected, you login as ALESYA
[02/03/24 06:18:57] - Connecting . . .
[02/03/24 06:18:58] - Connected, you login as ALESYA
[02/03/24 06:19:16] - Connecting . . .
[02/03/24 06:19:17] - Connected, you login as ALESYA
[02/03/24 06:42:27] - Connecting . . .
[02/03/24 06:42:27] - Connected, you login as ALESYA
[02/03/24 15:06:32] - Connecting . . .
[02/03/24 15:06:33] - Connected, you login as ALESYA
[02/03/24 15:10:32] - Connecting . . .
[02/03/24 15:10:32] - Connected, you login as ALESYA
[02/03/24 15:14:24] - Connecting . . .
[02/03/24 15:14:24] - Connected, you login as ALESYA
[02/03/24 15:15:58] - Connecting . . .
[02/03/24 15:15:58] - Connected, you login as ALESYA
[02/03/24 15:59:26] - Connecting . . .
[02/03/24 15:59:26] - Connected, you login as ALESYA
[02/03/24 16:23:05] - Connecting . . .
[02/03/24 16:23:06] - Connected, you login as ALESYA
[02/03/24 16:35:10] - Connecting . . .
[02/03/24 16:35:10] - Connected, you login as ALESYA
[02/03/24 16:44:18] - Connecting . . .
[02/03/24 16:44:18] - Connected, you login as ALESYA
[02/03/24 16:44:27] - Connecting . . .
[02/03/24 16:44:27] - Connected, you login as ALESYA
[02/03/24 17:58:49] - Connecting . . .
[02/03/24 17:58:50] - Connected, you login as ALESYA
[02/03/24 17:58:59] - Connecting . . .
[02/03/24 17:58:59] - Connected, you login as ALESYA
[02/03/24 17:59:38] - Connecting . . .
[02/03/24 17:59:38] - Connected, you login as ALESYA
[02/03/24 18:00:11] - Connecting . . .
[02/03/24 18:00:11] - Connected, you login as ALESYA
[02/03/24 18:01:01] - Connecting . . .
[02/03/24 18:01:02] - Connected, you login as ALESYA
[02/03/24 18:03:01] - Connecting . . .
[02/03/24 18:03:01] - Connected, you login as ALESYA
[02/03/24 18:03:04] - Connecting . . .
[02/03/24 18:03:05] - Connected, you login as ALESYA
[02/03/24 18:03:39] - Connecting . . .
[02/03/24 18:03:40] - Connected, you login as ALESYA
[02/03/24 18:04:14] - Connecting . . .
[02/03/24 18:04:14] - Connected, you login as ALESYA
[02/03/24 18:06:03] - Connecting . . .
[02/03/24 18:06:04] - Connected, you login as ALESYA
[02/03/24 18:48:25] - Connecting . . .
[02/03/24 18:48:26] - Connected, you login as ALESYA
[02/03/24 18:57:00] - Connecting . . .
[02/03/24 18:57:01] - Connected, you login as ALESYA
[02/03/24 18:57:03] - Connecting . . .
[02/03/24 18:57:03] - Connected, you login as ALESYA
[02/03/24 19:04:27] - Connecting . . .
[02/03/24 19:04:27] - Connected, you login as ALESYA
[02/03/24 23:32:15] - Connecting . . .
[02/03/24 23:32:15] - Connected, you login as ALESYA
[03/03/24 00:02:58] - Connecting . . .
[03/03/24 00:02:59] - Connected, you login as ALESYA
[03/03/24 00:11:19] - Connecting . . .
[03/03/24 00:11:20] - Connected, you login as ALESYA
[03/03/24 00:22:08] - Connecting . . .
[03/03/24 00:22:08] - Connected, you login as ALESYA
[03/03/24 01:50:58] - Connecting . . .
[03/03/24 01:50:59] - Connected, you login as ALESYA
[03/03/24 09:49:32] - Connecting . . .
[03/03/24 09:49:32] - Connected, you login as ALESYA
[03/03/24 10:37:53] - Connecting . . .
[03/03/24 10:37:54] - Connected, you login as ALESYA
[03/03/24 10:48:10] - Connecting . . .
[03/03/24 10:48:10] - Connected, you login as ALESYA
[03/03/24 10:53:06] - Connecting . . .
[03/03/24 10:53:06] - Connected, you login as ALESYA
[03/03/24 11:09:24] - Connecting . . .
[03/03/24 11:09:25] - Connected, you login as ALESYA
[03/03/24 11:12:14] - Connecting . . .
[03/03/24 11:12:15] - Connected, you login as ALESYA
[03/03/24 11:19:10] - Connecting . . .
[03/03/24 11:19:10] - Connected, you login as ALESYA
[03/03/24 12:57:07] - Connecting . . .
[03/03/24 12:57:08] - Connected, you login as ALESYA
[03/03/24 13:20:50] - Connecting . . .
[03/03/24 13:20:51] - Connected, you login as ALESYA
[04/03/24 09:18:47] - Device logged out
[04/03/24 09:18:47] - Connecting . . .
[04/03/24 09:21:27] - Connection lost, reconnecting . . .
[04/03/24 09:21:27] - Connecting . . .
[04/03/24 09:21:28] - Method not allowed
[04/03/24 09:21:28] - Connecting . . .
[04/03/24 09:24:08] - Connection lost, reconnecting . . .
[04/03/24 09:24:08] - Connecting . . .
[04/03/24 09:24:11] - Method not allowed
[04/03/24 09:24:11] - Connecting . . .
[04/03/24 09:26:51] - Connection lost, reconnecting . . .
[04/03/24 09:26:51] - Connecting . . .
[04/03/24 09:26:53] - Method not allowed
[04/03/24 09:26:53] - Connecting . . .
[04/03/24 09:29:34] - Connection lost, reconnecting . . .
[04/03/24 09:29:34] - Connecting . . .
[04/03/24 09:29:38] - Method not allowed
[04/03/24 09:29:38] - Connecting . . .
[04/03/24 09:32:02] - Connecting . . .
[04/03/24 09:32:03] - Connected, you login as WhatsApp Bot
[04/03/24 09:33:21] - Connecting . . .
[04/03/24 09:33:21] - Connected, you login as ALESYA
[04/03/24 09:44:44] - Connecting . . .
[04/03/24 09:44:45] - Connected, you login as ALESYA
[04/03/24 09:51:18] - Connecting . . .
[04/03/24 09:51:18] - Connected, you login as ALESYA
[04/03/24 13:25:30] - Connecting . . .
[04/03/24 13:25:31] - Connected, you login as ALESYA
[04/03/24 13:25:38] - Connecting . . .
[04/03/24 13:25:39] - Connected, you login as ALESYA
[04/03/24 13:25:59] - Connecting . . .
[04/03/24 13:26:00] - Connected, you login as ALESYA
[04/03/24 13:27:16] - Connecting . . .
[04/03/24 13:27:17] - Connected, you login as ALESYA
[04/03/24 13:27:37] - Connecting . . .
[04/03/24 13:27:38] - Connected, you login as ALESYA
[04/03/24 13:28:20] - Connecting . . .
[04/03/24 13:28:21] - Connected, you login as ALESYA
[04/03/24 13:28:44] - Connecting . . .
[04/03/24 13:28:44] - Connected, you login as ALESYA
[04/03/24 13:29:58] - Connecting . . .
[04/03/24 13:29:58] - Connected, you login as ALESYA
[04/03/24 15:47:40] - Connecting . . .
[04/03/24 15:47:41] - Connected, you login as ALESYA
[04/03/24 15:59:46] - Connecting . . .
[04/03/24 15:59:47] - Connected, you login as ALESYA
[04/03/24 15:59:50] - Connecting . . .
[04/03/24 15:59:51] - Connected, you login as ALESYA
[04/03/24 16:00:38] - Connecting . . .
[04/03/24 16:00:38] - Connected, you login as ALESYA
[04/03/24 16:00:44] - Connecting . . .
[04/03/24 16:00:44] - Connected, you login as ALESYA
[04/03/24 16:00:49] - Connecting . . .
[04/03/24 16:00:50] - Connected, you login as ALESYA
[04/03/24 16:00:51] - Connecting . . .
[04/03/24 16:00:52] - Connected, you login as ALESYA
[04/03/24 16:01:09] - Connecting . . .
[04/03/24 16:01:10] - Connected, you login as ALESYA
[04/03/24 16:01:14] - Connecting . . .
[04/03/24 16:01:14] - Connected, you login as ALESYA
[04/03/24 16:01:39] - Connecting . . .
[04/03/24 16:01:40] - Connected, you login as ALESYA
[04/03/24 16:01:56] - Connecting . . .
[04/03/24 16:01:56] - Connected, you login as ALESYA
[04/03/24 16:02:08] - Connecting . . .
[04/03/24 16:02:08] - Connected, you login as ALESYA
[04/03/24 16:02:11] - Connecting . . .
[04/03/24 16:02:12] - Connected, you login as ALESYA
[04/03/24 16:02:17] - Connecting . . .
[04/03/24 16:02:17] - Connected, you login as ALESYA
[04/03/24 16:02:20] - Connecting . . .
[04/03/24 16:02:21] - Connected, you login as ALESYA
[04/03/24 16:04:15] - Connecting . . .
[04/03/24 16:04:15] - Connected, you login as ALESYA
[04/03/24 16:04:19] - Connecting . . .
[04/03/24 16:04:19] - Connected, you login as ALESYA
[04/03/24 16:05:20] - Connecting . . .
[04/03/24 16:05:20] - Connected, you login as ALESYA
[04/03/24 16:06:12] - Connecting . . .
[04/03/24 16:06:13] - Connected, you login as ALESYA
[04/03/24 16:06:15] - Connecting . . .
[04/03/24 16:06:15] - Connected, you login as ALESYA
[04/03/24 16:06:45] - Connecting . . .
[04/03/24 16:06:45] - Connected, you login as ALESYA
[04/03/24 16:08:43] - Connecting . . .
[04/03/24 16:08:44] - Connected, you login as ALESYA
[04/03/24 16:09:23] - Connecting . . .
[04/03/24 16:09:25] - Connected, you login as ALESYA
[04/03/24 16:09:54] - Connecting . . .
[04/03/24 16:09:54] - Connected, you login as ALESYA
[04/03/24 16:10:05] - Connecting . . .
[04/03/24 16:10:06] - Connected, you login as ALESYA
[04/03/24 16:10:23] - Connecting . . .
[04/03/24 16:10:23] - Connected, you login as ALESYA
[04/03/24 16:24:15] - Connecting . . .
[04/03/24 16:24:15] - Connected, you login as ALESYA
[04/03/24 16:24:41] - Connecting . . .
[04/03/24 16:24:41] - Connected, you login as ALESYA
[04/03/24 16:26:43] - Connecting . . .
[04/03/24 16:26:43] - Connected, you login as ALESYA
[04/03/24 16:28:20] - Connecting . . .
[04/03/24 16:28:20] - Connected, you login as ALESYA
[04/03/24 16:28:22] - Connecting . . .
[04/03/24 16:28:23] - Connected, you login as ALESYA
[04/03/24 16:29:26] - Connecting . . .
[04/03/24 16:29:26] - Connected, you login as ALESYA
[04/03/24 16:32:50] - Connecting . . .
[04/03/24 16:32:50] - Connected, you login as ALESYA
[04/03/24 16:39:32] - Connecting . . .
[04/03/24 16:39:33] - Connected, you login as ALESYA
[04/03/24 16:39:47] - Connecting . . .
[04/03/24 16:39:48] - Connected, you login as ALESYA
[05/03/24 02:54:17] - Connection closed, reconnecting . . .
[05/03/24 02:54:17] - Connecting . . .
[05/03/24 02:54:17] - Connected, you login as ALESYA
[05/03/24 06:12:37] - Connection error. (Reason: 503)
[05/03/24 06:12:38] - Connecting . . .
[05/03/24 06:12:39] - Connected, you login as ALESYA
[05/03/24 09:09:28] - Connection closed, reconnecting . . .
[05/03/24 09:09:28] - Connecting . . .
[05/03/24 09:09:29] - Connected, you login as ALESYA
[05/03/24 19:48:32] - Connection closed, reconnecting . . .
[05/03/24 19:48:32] - Connecting . . .
[05/03/24 19:48:32] - Connected, you login as ALESYA
[05/03/24 23:19:43] - Connecting . . .
[05/03/24 23:19:46] - Connected, you login as ALESYA
[06/03/24 14:22:04] - Connecting . . .
[06/03/24 14:22:32] - Connecting . . .
[06/03/24 14:22:33] - Connected, you login as WhatsApp Bot
[06/03/24 14:22:37] - Connecting . . .
[06/03/24 14:22:38] - Connected, you login as ALESYA
[06/03/24 14:22:40] - Connecting . . .
[06/03/24 14:22:41] - Connected, you login as ALESYA
[06/03/24 14:22:54] - Connecting . . .
[06/03/24 14:22:54] - Connected, you login as ALESYA
[06/03/24 14:23:34] - Connecting . . .
[06/03/24 14:23:35] - Connected, you login as ALESYA
[06/03/24 14:24:14] - Connecting . . .
[06/03/24 14:24:15] - Connected, you login as ALESYA
[06/03/24 14:24:53] - Connecting . . .
[06/03/24 14:24:54] - Connected, you login as ALESYA
[06/03/24 14:25:06] - Connecting . . .
[06/03/24 14:25:07] - Connected, you login as ALESYA
[06/03/24 14:28:12] - Connecting . . .
[06/03/24 14:28:12] - Connected, you login as ALESYA
[06/03/24 14:40:22] - Connecting . . .
[06/03/24 14:40:23] - Connected, you login as ALESYA
[06/03/24 14:40:50] - Connecting . . .
[06/03/24 14:40:50] - Connected, you login as ALESYA
[06/03/24 14:41:11] - Connecting . . .
[06/03/24 14:41:11] - Connected, you login as ALESYA
[06/03/24 14:41:48] - Connecting . . .
[06/03/24 14:41:49] - Connected, you login as ALESYA
[06/03/24 14:41:52] - Connecting . . .
[06/03/24 14:41:52] - Connected, you login as ALESYA
[06/03/24 14:42:21] - Connecting . . .
[06/03/24 14:42:22] - Connected, you login as ALESYA
[06/03/24 14:42:25] - Connecting . . .
[06/03/24 14:42:25] - Connected, you login as ALESYA
[06/03/24 16:51:12] - Connecting . . .
[06/03/24 16:51:12] - Connected, you login as ALESYA
[06/03/24 17:02:14] - Connecting . . .
[06/03/24 17:02:14] - Connected, you login as ALESYA
[06/03/24 18:58:54] - Connecting . . .
[06/03/24 18:58:55] - Connected, you login as ALESYA
[06/03/24 18:59:10] - Connecting . . .
[06/03/24 18:59:10] - Connected, you login as ALESYA
[06/03/24 19:03:14] - Connecting . . .
[06/03/24 19:03:14] - Connected, you login as ALESYA
[06/03/24 19:05:48] - Connecting . . .
[06/03/24 19:05:49] - Connected, you login as ALESYA
[06/03/24 19:05:53] - Connecting . . .
[06/03/24 19:05:53] - Connected, you login as ALESYA
[06/03/24 19:48:10] - Connecting . . .
[06/03/24 19:48:10] - Connected, you login as ALESYA
[06/03/24 20:05:20] - Connecting . . .
[06/03/24 20:05:21] - Connected, you login as ALESYA
[06/03/24 20:09:52] - Connecting . . .
[06/03/24 20:09:53] - Connected, you login as ALESYA
[06/03/24 20:41:37] - Connecting . . .
[06/03/24 20:41:37] - Connected, you login as ALESYA
[06/03/24 20:41:49] - Connecting . . .
[06/03/24 20:41:49] - Connected, you login as ALESYA
[06/03/24 22:44:42] - Connecting . . .
[06/03/24 22:44:42] - Connected, you login as ALESYA
[06/03/24 22:52:01] - Connecting . . .
[06/03/24 22:52:02] - Connected, you login as ALESYA
[06/03/24 16:23:45] - Connection closed, reconnecting . . .
[06/03/24 16:23:45] - Connecting . . .
[06/03/24 16:23:46] - Connected, you login as ALESYA
[06/03/24 23:38:56] - Connecting . . .
[06/03/24 23:38:57] - Connected, you login as ALESYA
[06/03/24 22:30:47] - Connection error. (Reason: 503)
[07/03/24 05:30:48] - Connecting . . .
[07/03/24 05:30:48] - Connected, you login as ALESYA
[07/03/24 05:34:59] - Connecting . . .
[07/03/24 05:35:00] - Connected, you login as ALESYA
[07/03/24 08:48:52] - Connecting . . .
[07/03/24 08:48:52] - Connected, you login as ALESYA
[07/03/24 09:48:11] - Connection closed, reconnecting . . .
[07/03/24 09:48:11] - Connecting . . .
[07/03/24 09:48:12] - Connected, you login as ALESYA
[07/03/24 20:51:14] - Connecting . . .
[07/03/24 20:51:15] - Connected, you login as ALESYA
[07/03/24 20:44:24] - Connection closed, reconnecting . . .
[07/03/24 20:44:24] - Connecting . . .
[07/03/24 20:44:25] - Connected, you login as ALESYA
[08/03/24 05:42:54] - Connecting . . .
[08/03/24 05:42:55] - Connected, you login as ALESYA
[08/03/24 10:35:54] - Connecting . . .
[08/03/24 10:35:54] - Connected, you login as ALESYA
[08/03/24 11:40:39] - Connecting . . .
[08/03/24 11:40:40] - Connected, you login as ALESYA
[08/03/24 12:21:39] - Connecting . . .
[08/03/24 12:21:39] - Connected, you login as ALESYA
[08/03/24 12:29:06] - Connecting . . .
[08/03/24 12:29:06] - Connected, you login as ALESYA
[08/03/24 07:15:29] - Connection closed, reconnecting . . .
[08/03/24 07:15:29] - Connecting . . .
[08/03/24 07:15:30] - Connected, you login as ALESYA
[08/03/24 14:38:51] - Connecting . . .
[08/03/24 14:38:51] - Connected, you login as ALESYA
[08/03/24 16:29:36] - Connecting . . .
[08/03/24 16:29:39] - Connected, you login as ALESYA
[08/03/24 17:14:39] - Connecting . . .
[08/03/24 17:14:39] - Connected, you login as ALESYA
[08/03/24 17:21:45] - Connecting . . .
[08/03/24 17:21:46] - Connected, you login as ALESYA
[08/03/24 17:21:50] - Connecting . . .
[08/03/24 17:21:50] - Connected, you login as ALESYA
[08/03/24 18:40:09] - Connecting . . .
[08/03/24 18:40:10] - Connected, you login as ALESYA
[08/03/24 19:26:40] - Connecting . . .
[08/03/24 19:26:41] - Connected, you login as ALESYA
[08/03/24 19:48:45] - Connecting . . .
[08/03/24 19:48:46] - Connected, you login as ALESYA
[08/03/24 20:51:00] - Connecting . . .
[08/03/24 20:51:00] - Connected, you login as ALESYA
[08/03/24 23:20:18] - Connecting . . .
[08/03/24 23:20:20] - Connected, you login as ALESYA
[08/03/24 23:41:46] - Connecting . . .
[08/03/24 23:41:47] - Connected, you login as ALESYA
[08/03/24 23:42:21] - Connecting . . .
[08/03/24 23:42:21] - Connected, you login as ALESYA
[08/03/24 23:48:02] - Connecting . . .
[08/03/24 23:48:03] - Connected, you login as ALESYA
[09/03/24 04:21:11] - Connection closed, reconnecting . . .
[09/03/24 04:21:11] - Connecting . . .
[09/03/24 04:21:11] - Connected, you login as ALESYA
[09/03/24 11:22:04] - Connecting . . .
[09/03/24 11:22:04] - Connected, you login as ALESYA
[09/03/24 05:28:24] - Connecting . . .
[09/03/24 05:28:25] - Connected, you login as ALESYA
[09/03/24 12:29:30] - Connecting . . .
[09/03/24 12:29:33] - Connected, you login as ALESYA
[09/03/24 12:33:30] - Connecting . . .
[09/03/24 12:33:31] - Connected, you login as ALESYA
[09/03/24 12:34:40] - Connecting . . .
[09/03/24 12:34:41] - Connected, you login as ALESYA
[09/03/24 12:38:53] - Connecting . . .
[09/03/24 12:38:53] - Connected, you login as ALESYA
[09/03/24 13:48:55] - Connecting . . .
[09/03/24 13:48:55] - Connected, you login as ALESYA
[09/03/24 14:43:24] - Connecting . . .
[09/03/24 14:43:24] - Connected, you login as ALESYA
[09/03/24 16:20:41] - Connection closed, reconnecting . . .
[09/03/24 16:20:41] - Connecting . . .
[09/03/24 16:20:42] - Connecting . . .
[09/03/24 16:20:43] - Connected, you login as ALESYA
[09/03/24 17:50:23] - Connection closed, reconnecting . . .
[09/03/24 17:50:23] - Connecting . . .
[09/03/24 17:50:24] - Connecting . . .
[09/03/24 17:50:25] - Connected, you login as ALESYA
[09/03/24 18:33:42] - Connecting . . .
[09/03/24 18:33:42] - Connected, you login as ALESYA
[09/03/24 18:44:49] - Connecting . . .
[09/03/24 18:44:50] - Connected, you login as ALESYA
[09/03/24 18:45:38] - Connecting . . .
[09/03/24 18:45:39] - Connected, you login as ALESYA
[09/03/24 18:48:40] - Connecting . . .
[09/03/24 18:48:40] - Connected, you login as ALESYA
[09/03/24 18:51:32] - Connecting . . .
[09/03/24 18:51:32] - Connected, you login as ALESYA
[10/03/24 00:12:34] - Connecting . . .
[10/03/24 00:12:34] - Connected, you login as ALESYA
[10/03/24 00:13:09] - Connecting . . .
[10/03/24 00:13:10] - Connected, you login as ALESYA
[10/03/24 00:13:34] - Connecting . . .
[10/03/24 00:13:35] - Connected, you login as ALESYA
[10/03/24 00:13:49] - Connecting . . .
[10/03/24 00:13:50] - Connected, you login as ALESYA
[10/03/24 09:52:49] - Connecting . . .
[10/03/24 09:52:49] - Connected, you login as ALESYA
[10/03/24 09:58:11] - Connecting . . .
[10/03/24 09:58:11] - Connected, you login as ALESYA
[10/03/24 09:58:38] - Connecting . . .
[10/03/24 09:58:39] - Connected, you login as ALESYA
[10/03/24 10:06:31] - Connecting . . .
[10/03/24 10:06:32] - Connected, you login as ALESYA
[10/03/24 10:10:49] - Connecting . . .
[10/03/24 10:10:50] - Connected, you login as ALESYA
[10/03/24 10:10:57] - Connecting . . .
[10/03/24 10:10:57] - Connected, you login as ALESYA
[10/03/24 12:48:16] - Connecting . . .
[10/03/24 12:48:17] - Connected, you login as ALESYA
[10/03/24 12:48:42] - Connecting . . .
[10/03/24 12:48:43] - Connected, you login as ALESYA
[10/03/24 16:39:38] - Connecting . . .
[10/03/24 16:39:38] - Connected, you login as ALESYA
[10/03/24 16:40:02] - Connecting . . .
[10/03/24 16:40:03] - Connected, you login as ALESYA
[10/03/24 16:43:28] - Connecting . . .
[10/03/24 16:43:28] - Connected, you login as ALESYA
[11/03/24 00:18:09] - Connecting . . .
[11/03/24 00:18:10] - Connected, you login as ALESYA
[11/03/24 16:17:29] - Connection error. (Reason: 503)
[11/03/24 16:17:30] - Connecting . . .
[11/03/24 16:17:31] - Connected, you login as ALESYA
[11/03/24 21:25:52] - Connecting . . .
[11/03/24 21:25:53] - Connected, you login as ALESYA
[11/03/24 22:30:24] - Connecting . . .
[11/03/24 22:30:24] - Connected, you login as ALESYA
[12/03/24 02:44:59] - Connection closed, reconnecting . . .
[12/03/24 02:44:59] - Connecting . . .
[12/03/24 02:45:01] - Connecting . . .
[12/03/24 02:45:02] - Connected, you login as ALESYA
[12/03/24 03:41:33] - Connection closed, reconnecting . . .
[12/03/24 03:41:33] - Connecting . . .
[12/03/24 03:41:35] - Connecting . . .
[12/03/24 03:41:37] - Connected, you login as ALESYA
[12/03/24 04:43:02] - Connecting . . .
[12/03/24 04:43:02] - Connected, you login as ALESYA
[12/03/24 04:43:39] - Connecting . . .
[12/03/24 04:43:40] - Connected, you login as ALESYA
[12/03/24 06:32:57] - Connecting . . .
[12/03/24 06:32:58] - Connected, you login as ALESYA
[12/03/24 06:33:48] - Connecting . . .
[12/03/24 06:33:49] - Connected, you login as ALESYA
[12/03/24 06:34:10] - Connecting . . .
[12/03/24 06:34:11] - Connected, you login as ALESYA
[12/03/24 06:34:27] - Connecting . . .
[12/03/24 06:34:28] - Connected, you login as ALESYA
[12/03/24 06:48:05] - Connecting . . .
[12/03/24 06:48:05] - Connected, you login as ALESYA
[12/03/24 06:49:49] - Connecting . . .
[12/03/24 06:49:49] - Connected, you login as ALESYA
[12/03/24 06:53:51] - Connecting . . .
[12/03/24 06:53:52] - Connected, you login as ALESYA
[12/03/24 08:13:16] - Connecting . . .
[12/03/24 08:13:17] - Connected, you login as ALESYA
[12/03/24 08:34:48] - Connection closed, reconnecting . . .
[12/03/24 08:34:48] - Connecting . . .
[12/03/24 08:34:49] - Connecting . . .
[12/03/24 08:34:50] - Connected, you login as ALESYA
[12/03/24 10:51:02] - Connecting . . .
[12/03/24 10:51:02] - Connected, you login as ALESYA
[12/03/24 13:51:51] - Connecting . . .
[12/03/24 13:51:52] - Connected, you login as ALESYA
[12/03/24 13:53:23] - Connecting . . .
[12/03/24 13:53:23] - Connected, you login as ALESYA
[12/03/24 13:53:25] - Connecting . . .
[12/03/24 13:53:26] - Connected, you login as ALESYA
[12/03/24 13:59:40] - Connecting . . .
[12/03/24 13:59:40] - Connected, you login as ALESYA
[12/03/24 21:12:28] - Connecting . . .
[12/03/24 21:12:29] - Connected, you login as ALESYA
[12/03/24 21:14:51] - Connecting . . .
[12/03/24 21:14:51] - Connected, you login as ALESYA
[12/03/24 21:23:19] - Connecting . . .
[12/03/24 21:23:20] - Connected, you login as ALESYA
[12/03/24 21:24:14] - Connecting . . .
[12/03/24 21:24:15] - Connected, you login as ALESYA
[12/03/24 21:28:09] - Connecting . . .
[12/03/24 21:28:09] - Connected, you login as ALESYA
[12/03/24 21:30:25] - Connecting . . .
[12/03/24 21:30:26] - Connected, you login as ALESYA
[12/03/24 21:30:46] - Connecting . . .
[12/03/24 21:30:46] - Connected, you login as ALESYA
[12/03/24 21:31:09] - Connecting . . .
[12/03/24 21:31:10] - Connected, you login as ALESYA
[12/03/24 21:31:39] - Connecting . . .
[12/03/24 21:31:39] - Connected, you login as ALESYA
[12/03/24 21:56:36] - Connecting . . .
[12/03/24 21:56:36] - Connected, you login as ALESYA
[12/03/24 21:57:14] - Connecting . . .
[12/03/24 21:57:15] - Connected, you login as ALESYA
[12/03/24 21:58:10] - Connecting . . .
[12/03/24 21:58:11] - Connected, you login as ALESYA
[12/03/24 21:58:39] - Connecting . . .
[12/03/24 21:58:39] - Connected, you login as ALESYA
[12/03/24 21:59:34] - Connecting . . .
[12/03/24 21:59:35] - Connected, you login as ALESYA
[12/03/24 21:59:51] - Connecting . . .
[12/03/24 21:59:52] - Connected, you login as ALESYA
[12/03/24 22:00:52] - Connecting . . .
[12/03/24 22:00:52] - Connected, you login as ALESYA
[12/03/24 22:01:49] - Connecting . . .
[12/03/24 22:01:50] - Connected, you login as ALESYA
[12/03/24 22:02:23] - Connecting . . .
[12/03/24 22:02:26] - Connected, you login as ALESYA
[12/03/24 22:04:25] - Connecting . . .
[12/03/24 22:04:25] - Connected, you login as ALESYA
[12/03/24 22:05:39] - Connecting . . .
[12/03/24 22:05:40] - Connected, you login as ALESYA
[12/03/24 22:42:37] - Connecting . . .
[12/03/24 22:42:38] - Connected, you login as ALESYA
[12/03/24 22:42:41] - Connecting . . .
[12/03/24 22:42:41] - Connected, you login as ALESYA
[12/03/24 22:44:51] - Connecting . . .
[12/03/24 22:44:52] - Connected, you login as ALESYA
[12/03/24 22:45:08] - Connecting . . .
[12/03/24 22:45:08] - Connected, you login as ALESYA
[12/03/24 22:47:04] - Connecting . . .
[12/03/24 22:47:04] - Connected, you login as ALESYA
[13/03/24 01:43:24] - Connection closed, reconnecting . . .
[13/03/24 01:43:25] - Connecting . . .
[13/03/24 01:43:26] - Connecting . . .
[13/03/24 01:43:26] - Connected, you login as ALESYA
[13/03/24 03:19:16] - Connection closed, reconnecting . . .
[13/03/24 03:19:16] - Connecting . . .
[13/03/24 03:19:17] - Connecting . . .
[13/03/24 03:19:18] - Connected, you login as ALESYA
[13/03/24 03:53:31] - Connection error. (Reason: 503)
[13/03/24 03:53:31] - Connecting . . .
[13/03/24 03:53:32] - Connected, you login as ALESYA
[13/03/24 04:16:00] - Connection closed, reconnecting . . .
[13/03/24 04:16:00] - Connecting . . .
[13/03/24 04:16:01] - Connecting . . .
[13/03/24 04:16:02] - Connected, you login as ALESYA
[13/03/24 04:38:32] - Connection error. (Reason: 503)
[13/03/24 04:38:32] - Connecting . . .
[13/03/24 04:38:33] - Connected, you login as ALESYA
[13/03/24 04:42:27] - Connecting . . .
[13/03/24 04:42:28] - Connected, you login as ALESYA
[13/03/24 07:09:46] - Connecting . . .
[13/03/24 07:09:47] - Connected, you login as ALESYA
[13/03/24 08:50:30] - Connection closed, reconnecting . . .
[13/03/24 08:50:30] - Connecting . . .
[13/03/24 08:50:31] - Connecting . . .
[13/03/24 08:50:32] - Connected, you login as ALESYA
[13/03/24 21:21:47] - Connecting . . .
[13/03/24 21:21:47] - Connected, you login as ALESYA
[13/03/24 22:44:05] - Connecting . . .
[13/03/24 22:44:05] - Connected, you login as ALESYA
[13/03/24 22:44:48] - Connecting . . .
[13/03/24 22:44:48] - Connected, you login as ALESYA
[13/03/24 22:48:26] - Connecting . . .
[13/03/24 22:48:27] - Connected, you login as ALESYA
[13/03/24 22:50:15] - Connecting . . .
[13/03/24 22:50:16] - Connected, you login as ALESYA
[13/03/24 22:51:56] - Connecting . . .
[13/03/24 22:51:57] - Connected, you login as ALESYA
[13/03/24 23:09:04] - Connecting . . .
[13/03/24 23:09:04] - Connected, you login as ALESYA
[14/03/24 01:25:41] - Connecting . . .
[14/03/24 01:25:42] - Connected, you login as ALESYA
[14/03/24 10:28:24] - Connecting . . .
[14/03/24 10:28:47] - Connecting . . .
[14/03/24 10:28:49] - Connected, you login as WhatsApp Bot
